<?xml version='1.0' encoding='UTF-8'?><ns1:record xmlns:ns1="http://www.exlibrisgroup.com/xsd/primo/primo_nm_bib" ns1:schemaLocation="http://www.exlibrisgroup.com/xsd/primo/primo_nm_bib pnx.xsd"><ns1:control><ns1:sourcerecordid><![CDATA[63275]]></ns1:sourcerecordid><ns1:sourceid><![CDATA[libero_mab2]]></ns1:sourceid><ns1:recordid><![CDATA[libero_mab263275]]></ns1:recordid><ns1:ilsapiid><![CDATA[63275]]></ns1:ilsapiid><ns1:addsrcrecordid><![CDATA[63275]]></ns1:addsrcrecordid><ns1:sourceformat><![CDATA[MAB]]></ns1:sourceformat><ns1:sourcesystem><![CDATA[Other]]></ns1:sourcesystem></ns1:control><ns1:display><ns1:type><![CDATA[book]]></ns1:type><ns1:title><![CDATA[Apel, Heinrich Eduard: Disputationes de iis, quae Carolus Miltitius cum Luthero, inprimis Altenburgi in aedibus Spalatini, egerit - 1]]></ns1:title><ns1:publisher><![CDATA[Typogr. Aulico]]></ns1:publisher><ns1:creationdate><![CDATA[1844]]></ns1:creationdate><ns1:format><![CDATA[18 S.]]></ns1:format><ns1:ispartof><![CDATA[Sacra anniversaria illustris Gymnasii Fridericiani Altenburgensis ... rite celebranda indicit ; 1844]]></ns1:ispartof><ns1:language><![CDATA[lat]]></ns1:language><ns1:relation><![CDATA[Sacra anniversaria illustris Gymnasii Fridericiani Altenburgensis ... rite celebranda indicit ; 1844]]></ns1:relation><ns1:availlibrary><![CDATA[$$ISLUB$$Lzell1$$1Magazin$$Savailable$$3MAG$$X32515514$$Yzell1 ]]></ns1:availlibrary><ns1:lds12><![CDATA[Apel, Heinrich Eduard: Disputationes de iis, quae Carolus Miltitius cum Luthero, inprimis Altenburgi in aedibus Spalatini, egerit - 1]]></ns1:lds12><ns1:lds17><![CDATA[Buch]]></ns1:lds17><ns1:lds18><![CDATA[Typogr. Aulico]]></ns1:lds18><ns1:lds21><![CDATA[032431163]]></ns1:lds21><ns1:lds22><![CDATA[074958739]]></ns1:lds22><ns1:lds28><![CDATA[Altenburgi :]]></ns1:lds28><ns1:lds31><![CDATA[Apel, Heinrich Eduard: Disputationes de iis, quae Carolus Miltitius cum Luthero, inprimis Altenburgi in aedibus Spalatini, egerit]]></ns1:lds31><ns1:lds32><![CDATA[Friedrichs-Gymnasium &lt;Altenburg, Leipzig&gt;: Sacra anniversaria illustris Gymnasii Fridericiani Altenburgensis ... rite celebranda indicit]]></ns1:lds32><ns1:lds39><![CDATA[Sacra anniversaria illustris Gymnasii Fridericiani Altenburgensis ... rite celebranda indicit ; 1844]]></ns1:lds39><ns1:availinstitution><![CDATA[$$ISLUB$$Savailable]]></ns1:availinstitution><ns1:availpnx><![CDATA[available]]></ns1:availpnx></ns1:display><ns1:links><ns1:linktoholdings><![CDATA[$$Tlibero_holdings]]></ns1:linktoholdings></ns1:links><ns1:search><ns1:title><![CDATA[Apel, Heinrich Eduard: Disputationes de iis, quae Carolus Miltitius cum Luthero, inprimis Altenburgi in aedibus Spalatini, egerit]]></ns1:title><ns1:title><![CDATA[1]]></ns1:title><ns1:sourceid><![CDATA[libero_mab2]]></ns1:sourceid><ns1:recordid><![CDATA[libero_mab263275]]></ns1:recordid><ns1:recordid><![CDATA[032431201]]></ns1:recordid><ns1:recordid><![CDATA[63275]]></ns1:recordid><ns1:recordid><![CDATA[311720309]]></ns1:recordid><ns1:rsrctype><![CDATA[book]]></ns1:rsrctype><ns1:creationdate><![CDATA[1844]]></ns1:creationdate><ns1:addtitle><![CDATA[Sacra anniversaria illustris Gymnasii Fridericiani Altenburgensis ... rite celebranda indicit ; 1844]]></ns1:addtitle><ns1:addtitle><![CDATA[Friedrichs-Gymnasium &lt;Altenburg, Leipzig&gt;: Sacra anniversaria illustris Gymnasii Fridericiani Altenburgensis ... rite celebranda indicit]]></ns1:addtitle><ns1:addsrcrecordid><![CDATA[63275]]></ns1:addsrcrecordid><ns1:searchscope><![CDATA[libero_mab2]]></ns1:searchscope><ns1:searchscope><![CDATA[SC_SLUB-ZB]]></ns1:searchscope><ns1:searchscope><![CDATA[EXL]]></ns1:searchscope><ns1:scope><![CDATA[libero_mab2]]></ns1:scope><ns1:scope><![CDATA[SC_SLUB-ZB]]></ns1:scope><ns1:scope><![CDATA[EXL]]></ns1:scope><ns1:lsr01><![CDATA[32515514]]></ns1:lsr01><ns1:lsr04><![CDATA[Hist.Sax.D.527,1.m-1]]></ns1:lsr04><ns1:lsr05><![CDATA[Typogr. Aulico]]></ns1:lsr05><ns1:lsr06><![CDATA[MAG]]></ns1:lsr06><ns1:lsr20><![CDATA[032431201]]></ns1:lsr20><ns1:lsr21><![CDATA[032431163]]></ns1:lsr21><ns1:lsr21><![CDATA[074958739]]></ns1:lsr21></ns1:search><ns1:sort><ns1:title><![CDATA[Apel, Heinrich Eduard: Disputationes de iis, quae Carolus Miltitius cum Luthero, inprimis Altenburgi in aedibus Spalatini, egerit - 1]]></ns1:title><ns1:creationdate><![CDATA[1844]]></ns1:creationdate></ns1:sort><ns1:facets><ns1:language><![CDATA[lat]]></ns1:language><ns1:creationdate><![CDATA[1844]]></ns1:creationdate><ns1:prefilter><![CDATA[books]]></ns1:prefilter><ns1:rsrctype><![CDATA[books]]></ns1:rsrctype><ns1:lfc01><![CDATA[available]]></ns1:lfc01><ns1:lfc02><![CDATA[zell1]]></ns1:lfc02><ns1:toplevel><![CDATA[available]]></ns1:toplevel></ns1:facets><ns1:dedup><ns1:t><![CDATA[99]]></ns1:t><ns1:c1><![CDATA[032431201]]></ns1:c1><ns1:c4><![CDATA[1844]]></ns1:c4><ns1:f1><![CDATA[032431201]]></ns1:f1><ns1:f6><![CDATA[1844]]></ns1:f6><ns1:f10><![CDATA[typog]]></ns1:f10></ns1:dedup><ns1:frbr><ns1:t><![CDATA[99]]></ns1:t></ns1:frbr><ns1:delivery><ns1:institution><![CDATA[EXL]]></ns1:institution><ns1:delcategory><![CDATA[Physical Item]]></ns1:delcategory></ns1:delivery><ns1:ranking><ns1:booster2><![CDATA[1]]></ns1:booster2></ns1:ranking><ns1:addata><ns1:btitle><![CDATA[Apel, Heinrich Eduard: Disputationes de iis, quae Carolus Miltitius cum Luthero, inprimis Altenburgi in aedibus Spalatini, egerit - 1]]></ns1:btitle><ns1:addtitle><![CDATA[Sacra anniversaria illustris Gymnasii Fridericiani Altenburgensis ... rite celebranda indicit ; 1844]]></ns1:addtitle><ns1:format><![CDATA[book]]></ns1:format><ns1:genre><![CDATA[book]]></ns1:genre><ns1:cop><![CDATA[Altenburgi]]></ns1:cop><ns1:pub><![CDATA[Typogr. Aulico]]></ns1:pub><ns1:lad04><![CDATA[dbodproxy_du]]></ns1:lad04><ns1:lad05><![CDATA[dbodproxy_du]]></ns1:lad05></ns1:addata></ns1:record>